<?xml version="1.0" encoding="UTF-8"?>
<testsuite xmlns:xsi="http://www.w3.org/2001/XMLSchema-instance" xsi:noNamespaceSchemaLocation="https://maven.apache.org/surefire/maven-surefire-plugin/xsd/surefire-test-report-3.0.xsd" version="3.0" name="SVD.AppTest" time="0.034" tests="1" errors="0" skipped="0" failures="0">
  <properties>
    <property name="java.specification.version" value="21"/>
    <property name="sun.jnu.encoding" value="UTF-8"/>
    <property name="java.class.path" value="/home/giapwibu/SVD/SVD/target/test-classes:/home/giapwibu/SVD/SVD/target/classes:/home/giapwibu/.m2/repository/org/ejml/ejml-all/0.41/ejml-all-0.41.jar:/home/giapwibu/.m2/repository/org/ejml/ejml-core/0.41/ejml-core-0.41.jar:/home/giapwibu/.m2/repository/org/ejml/ejml-fdense/0.41/ejml-fdense-0.41.jar:/home/giapwibu/.m2/repository/org/ejml/ejml-ddense/0.41/ejml-ddense-0.41.jar:/home/giapwibu/.m2/repository/org/ejml/ejml-cdense/0.41/ejml-cdense-0.41.jar:/home/giapwibu/.m2/repository/org/ejml/ejml-zdense/0.41/ejml-zdense-0.41.jar:/home/giapwibu/.m2/repository/org/ejml/ejml-dsparse/0.41/ejml-dsparse-0.41.jar:/home/giapwibu/.m2/repository/org/ejml/ejml-simple/0.41/ejml-simple-0.41.jar:/home/giapwibu/.m2/repository/org/ejml/ejml-fsparse/0.41/ejml-fsparse-0.41.jar:/home/giapwibu/.m2/repository/junit/junit/3.8.1/junit-3.8.1.jar:/home/giapwibu/.m2/repository/org/apache/commons/commons-math/2.0/commons-math-2.0.jar:/home/giapwibu/.m2/repository/gov/nist/math/jama/1.0.3/jama-1.0.3.jar:"/>
    <property name="java.vm.vendor" value="Arch Linux"/>
    <property name="sun.arch.data.model" value="64"/>
    <property name="java.vendor.url" value="https://openjdk.org/"/>
    <property name="os.name" value="Linux"/>
    <property name="java.vm.specification.version" value="21"/>
    <property name="sun.java.launcher" value="SUN_STANDARD"/>
    <property name="user.country" value="US"/>
    <property name="sun.boot.library.path" value="/usr/lib/jvm/java-21-openjdk/lib"/>
    <property name="sun.java.command" value="/home/giapwibu/SVD/SVD/target/surefire/surefirebooter-20240916134821879_3.jar /home/giapwibu/SVD/SVD/target/surefire 2024-09-16T13-48-21_754-jvmRun1 surefire-20240916134821879_1tmp surefire_0-20240916134821879_2tmp"/>
    <property name="jdk.debug" value="release"/>
    <property name="surefire.test.class.path" value="/home/giapwibu/SVD/SVD/target/test-classes:/home/giapwibu/SVD/SVD/target/classes:/home/giapwibu/.m2/repository/org/ejml/ejml-all/0.41/ejml-all-0.41.jar:/home/giapwibu/.m2/repository/org/ejml/ejml-core/0.41/ejml-core-0.41.jar:/home/giapwibu/.m2/repository/org/ejml/ejml-fdense/0.41/ejml-fdense-0.41.jar:/home/giapwibu/.m2/repository/org/ejml/ejml-ddense/0.41/ejml-ddense-0.41.jar:/home/giapwibu/.m2/repository/org/ejml/ejml-cdense/0.41/ejml-cdense-0.41.jar:/home/giapwibu/.m2/repository/org/ejml/ejml-zdense/0.41/ejml-zdense-0.41.jar:/home/giapwibu/.m2/repository/org/ejml/ejml-dsparse/0.41/ejml-dsparse-0.41.jar:/home/giapwibu/.m2/repository/org/ejml/ejml-simple/0.41/ejml-simple-0.41.jar:/home/giapwibu/.m2/repository/org/ejml/ejml-fsparse/0.41/ejml-fsparse-0.41.jar:/home/giapwibu/.m2/repository/junit/junit/3.8.1/junit-3.8.1.jar:/home/giapwibu/.m2/repository/org/apache/commons/commons-math/2.0/commons-math-2.0.jar:/home/giapwibu/.m2/repository/gov/nist/math/jama/1.0.3/jama-1.0.3.jar:"/>
    <property name="sun.cpu.endian" value="little"/>
    <property name="user.home" value="/home/giapwibu"/>
    <property name="user.language" value="en"/>
    <property name="java.specification.vendor" value="Oracle Corporation"/>
    <property name="java.version.date" value="2024-07-16"/>
    <property name="java.home" value="/usr/lib/jvm/java-21-openjdk"/>
    <property name="file.separator" value="/"/>
    <property name="basedir" value="/home/giapwibu/SVD/SVD"/>
    <property name="java.vm.compressedOopsMode" value="32-bit"/>
    <property name="line.separator" value="&#10;"/>
    <property name="java.specification.name" value="Java Platform API Specification"/>
    <property name="java.vm.specification.vendor" value="Oracle Corporation"/>
    <property name="surefire.real.class.path" value="/home/giapwibu/SVD/SVD/target/surefire/surefirebooter-20240916134821879_3.jar"/>
    <property name="sun.management.compiler" value="HotSpot 64-Bit Tiered Compilers"/>
    <property name="java.runtime.version" value="21.0.4+7"/>
    <property name="user.name" value="giapwibu"/>
    <property name="stdout.encoding" value="UTF-8"/>
    <property name="path.separator" value=":"/>
    <property name="os.version" value="6.10.10-arch1-1"/>
    <property name="java.runtime.name" value="OpenJDK Runtime Environment"/>
    <property name="file.encoding" value="UTF-8"/>
    <property name="java.vm.name" value="OpenJDK 64-Bit Server VM"/>
    <property name="localRepository" value="/home/giapwibu/.m2/repository"/>
    <property name="java.vendor.url.bug" value="https://bugreport.java.com/bugreport/"/>
    <property name="java.io.tmpdir" value="/tmp"/>
    <property name="java.version" value="21.0.4"/>
    <property name="user.dir" value="/home/giapwibu/SVD/SVD"/>
    <property name="os.arch" value="amd64"/>
    <property name="java.vm.specification.name" value="Java Virtual Machine Specification"/>
    <property name="native.encoding" value="UTF-8"/>
    <property name="java.library.path" value="/usr/java/packages/lib:/usr/lib64:/lib64:/lib:/usr/lib"/>
    <property name="java.vm.info" value="mixed mode, sharing"/>
    <property name="stderr.encoding" value="UTF-8"/>
    <property name="java.vendor" value="Arch Linux"/>
    <property name="java.vm.version" value="21.0.4+7"/>
    <property name="sun.io.unicode.encoding" value="UnicodeLittle"/>
    <property name="java.class.version" value="65.0"/>
  </properties>
  <testcase name="testApp" classname="SVD.AppTest" time="0.006"/>
</testsuite>